{"/Users/amoselmaliah/dev/projects/roy/guru-ai-expo/metro.config.js": {"path":"/Users/amoselmaliah/dev/projects/roy/guru-ai-expo/metro.config.js","statementMap":{"0":{"start":{"line":2,"column":29},"end":{"line":2,"column":57}},"1":{"start":{"line":5,"column":15},"end":{"line":8,"column":2}},"2":{"start":{"line":10,"column":0},"end":{"line":10,"column":23}}},"fnMap":{},"branchMap":{},"s":{"0":0,"1":0,"2":0},"f":{},"b":{}}
,"/Users/amoselmaliah/dev/projects/roy/guru-ai-expo/tailwind.config.js": {"path":"/Users/amoselmaliah/dev/projects/roy/guru-ai-expo/tailwind.config.js","statementMap":{"0":{"start":{"line":3,"column":0},"end":{"line":26,"column":1}}},"fnMap":{},"branchMap":{},"s":{"0":0},"f":{},"b":{}}
,"/Users/amoselmaliah/dev/projects/roy/guru-ai-expo/.expo/metro/polyfill.js": {"path":"/Users/amoselmaliah/dev/projects/roy/guru-ai-expo/.expo/metro/polyfill.js","statementMap":{"0":{"start":{"line":1,"column":0},"end":{"line":1,"column":81}},"1":{"start":{"line":1,"column":76},"end":{"line":1,"column":80}}},"fnMap":{"0":{"name":"(anonymous_0)","decl":{"start":{"line":1,"column":70},"end":{"line":1,"column":71}},"loc":{"start":{"line":1,"column":76},"end":{"line":1,"column":80}},"line":1}},"branchMap":{"0":{"loc":{"start":{"line":1,"column":28},"end":{"line":1,"column":80}},"type":"cond-expr","locations":[{"start":{"line":1,"column":60},"end":{"line":1,"column":67}},{"start":{"line":1,"column":70},"end":{"line":1,"column":80}}],"line":1}},"s":{"0":0,"1":0},"f":{"0":0},"b":{"0":[0,0]}}
,"/Users/amoselmaliah/dev/projects/roy/guru-ai-expo/.expo/metro/polyfill.native.js": {"path":"/Users/amoselmaliah/dev/projects/roy/guru-ai-expo/.expo/metro/polyfill.native.js","statementMap":{"0":{"start":{"line":1,"column":0},"end":{"line":1,"column":155}},"1":{"start":{"line":1,"column":43},"end":{"line":1,"column":154}}},"fnMap":{"0":{"name":"(anonymous_0)","decl":{"start":{"line":1,"column":28},"end":{"line":1,"column":29}},"loc":{"start":{"line":1,"column":42},"end":{"line":1,"column":155}},"line":1}},"branchMap":{},"s":{"0":0,"1":0},"f":{"0":0},"b":{}}
,"/Users/amoselmaliah/dev/projects/roy/guru-ai-expo/.expo/metro/externals/assert/index.js": {"path":"/Users/amoselmaliah/dev/projects/roy/guru-ai-expo/.expo/metro/externals/assert/index.js","statementMap":{"0":{"start":{"line":1,"column":0},"end":{"line":1,"column":51}}},"fnMap":{},"branchMap":{},"s":{"0":0},"f":{},"b":{}}
,"/Users/amoselmaliah/dev/projects/roy/guru-ai-expo/.expo/metro/externals/async_hooks/index.js": {"path":"/Users/amoselmaliah/dev/projects/roy/guru-ai-expo/.expo/metro/externals/async_hooks/index.js","statementMap":{"0":{"start":{"line":1,"column":0},"end":{"line":1,"column":56}}},"fnMap":{},"branchMap":{},"s":{"0":0},"f":{},"b":{}}
,"/Users/amoselmaliah/dev/projects/roy/guru-ai-expo/.expo/metro/externals/buffer/index.js": {"path":"/Users/amoselmaliah/dev/projects/roy/guru-ai-expo/.expo/metro/externals/buffer/index.js","statementMap":{"0":{"start":{"line":1,"column":0},"end":{"line":1,"column":51}}},"fnMap":{},"branchMap":{},"s":{"0":0},"f":{},"b":{}}
,"/Users/amoselmaliah/dev/projects/roy/guru-ai-expo/.expo/metro/externals/bun/index.js": {"path":"/Users/amoselmaliah/dev/projects/roy/guru-ai-expo/.expo/metro/externals/bun/index.js","statementMap":{"0":{"start":{"line":1,"column":0},"end":{"line":1,"column":48}}},"fnMap":{},"branchMap":{},"s":{"0":0},"f":{},"b":{}}
,"/Users/amoselmaliah/dev/projects/roy/guru-ai-expo/.expo/metro/externals/bun:ffi/index.js": {"path":"/Users/amoselmaliah/dev/projects/roy/guru-ai-expo/.expo/metro/externals/bun:ffi/index.js","statementMap":{"0":{"start":{"line":1,"column":0},"end":{"line":1,"column":52}}},"fnMap":{},"branchMap":{},"s":{"0":0},"f":{},"b":{}}
,"/Users/amoselmaliah/dev/projects/roy/guru-ai-expo/.expo/metro/externals/bun:jsc/index.js": {"path":"/Users/amoselmaliah/dev/projects/roy/guru-ai-expo/.expo/metro/externals/bun:jsc/index.js","statementMap":{"0":{"start":{"line":1,"column":0},"end":{"line":1,"column":52}}},"fnMap":{},"branchMap":{},"s":{"0":0},"f":{},"b":{}}
,"/Users/amoselmaliah/dev/projects/roy/guru-ai-expo/.expo/metro/externals/bun:sqlite/index.js": {"path":"/Users/amoselmaliah/dev/projects/roy/guru-ai-expo/.expo/metro/externals/bun:sqlite/index.js","statementMap":{"0":{"start":{"line":1,"column":0},"end":{"line":1,"column":55}}},"fnMap":{},"branchMap":{},"s":{"0":0},"f":{},"b":{}}
,"/Users/amoselmaliah/dev/projects/roy/guru-ai-expo/.expo/metro/externals/bun:test/index.js": {"path":"/Users/amoselmaliah/dev/projects/roy/guru-ai-expo/.expo/metro/externals/bun:test/index.js","statementMap":{"0":{"start":{"line":1,"column":0},"end":{"line":1,"column":53}}},"fnMap":{},"branchMap":{},"s":{"0":0},"f":{},"b":{}}
,"/Users/amoselmaliah/dev/projects/roy/guru-ai-expo/.expo/metro/externals/bun:wrap/index.js": {"path":"/Users/amoselmaliah/dev/projects/roy/guru-ai-expo/.expo/metro/externals/bun:wrap/index.js","statementMap":{"0":{"start":{"line":1,"column":0},"end":{"line":1,"column":53}}},"fnMap":{},"branchMap":{},"s":{"0":0},"f":{},"b":{}}
,"/Users/amoselmaliah/dev/projects/roy/guru-ai-expo/.expo/metro/externals/child_process/index.js": {"path":"/Users/amoselmaliah/dev/projects/roy/guru-ai-expo/.expo/metro/externals/child_process/index.js","statementMap":{"0":{"start":{"line":1,"column":0},"end":{"line":1,"column":58}}},"fnMap":{},"branchMap":{},"s":{"0":0},"f":{},"b":{}}
,"/Users/amoselmaliah/dev/projects/roy/guru-ai-expo/.expo/metro/externals/cluster/index.js": {"path":"/Users/amoselmaliah/dev/projects/roy/guru-ai-expo/.expo/metro/externals/cluster/index.js","statementMap":{"0":{"start":{"line":1,"column":0},"end":{"line":1,"column":52}}},"fnMap":{},"branchMap":{},"s":{"0":0},"f":{},"b":{}}
,"/Users/amoselmaliah/dev/projects/roy/guru-ai-expo/.expo/metro/externals/console/index.js": {"path":"/Users/amoselmaliah/dev/projects/roy/guru-ai-expo/.expo/metro/externals/console/index.js","statementMap":{"0":{"start":{"line":1,"column":0},"end":{"line":1,"column":52}}},"fnMap":{},"branchMap":{},"s":{"0":0},"f":{},"b":{}}
,"/Users/amoselmaliah/dev/projects/roy/guru-ai-expo/.expo/metro/externals/constants/index.js": {"path":"/Users/amoselmaliah/dev/projects/roy/guru-ai-expo/.expo/metro/externals/constants/index.js","statementMap":{"0":{"start":{"line":1,"column":0},"end":{"line":1,"column":54}}},"fnMap":{},"branchMap":{},"s":{"0":0},"f":{},"b":{}}
,"/Users/amoselmaliah/dev/projects/roy/guru-ai-expo/.expo/metro/externals/crypto/index.js": {"path":"/Users/amoselmaliah/dev/projects/roy/guru-ai-expo/.expo/metro/externals/crypto/index.js","statementMap":{"0":{"start":{"line":1,"column":0},"end":{"line":1,"column":51}}},"fnMap":{},"branchMap":{},"s":{"0":0},"f":{},"b":{}}
,"/Users/amoselmaliah/dev/projects/roy/guru-ai-expo/.expo/metro/externals/detect-libc/index.js": {"path":"/Users/amoselmaliah/dev/projects/roy/guru-ai-expo/.expo/metro/externals/detect-libc/index.js","statementMap":{"0":{"start":{"line":1,"column":0},"end":{"line":1,"column":56}}},"fnMap":{},"branchMap":{},"s":{"0":0},"f":{},"b":{}}
,"/Users/amoselmaliah/dev/projects/roy/guru-ai-expo/.expo/metro/externals/dgram/index.js": {"path":"/Users/amoselmaliah/dev/projects/roy/guru-ai-expo/.expo/metro/externals/dgram/index.js","statementMap":{"0":{"start":{"line":1,"column":0},"end":{"line":1,"column":50}}},"fnMap":{},"branchMap":{},"s":{"0":0},"f":{},"b":{}}
,"/Users/amoselmaliah/dev/projects/roy/guru-ai-expo/.expo/metro/externals/diagnostics_channel/index.js": {"path":"/Users/amoselmaliah/dev/projects/roy/guru-ai-expo/.expo/metro/externals/diagnostics_channel/index.js","statementMap":{"0":{"start":{"line":1,"column":0},"end":{"line":1,"column":64}}},"fnMap":{},"branchMap":{},"s":{"0":0},"f":{},"b":{}}
,"/Users/amoselmaliah/dev/projects/roy/guru-ai-expo/.expo/metro/externals/dns/index.js": {"path":"/Users/amoselmaliah/dev/projects/roy/guru-ai-expo/.expo/metro/externals/dns/index.js","statementMap":{"0":{"start":{"line":1,"column":0},"end":{"line":1,"column":48}}},"fnMap":{},"branchMap":{},"s":{"0":0},"f":{},"b":{}}
,"/Users/amoselmaliah/dev/projects/roy/guru-ai-expo/.expo/metro/externals/domain/index.js": {"path":"/Users/amoselmaliah/dev/projects/roy/guru-ai-expo/.expo/metro/externals/domain/index.js","statementMap":{"0":{"start":{"line":1,"column":0},"end":{"line":1,"column":51}}},"fnMap":{},"branchMap":{},"s":{"0":0},"f":{},"b":{}}
,"/Users/amoselmaliah/dev/projects/roy/guru-ai-expo/.expo/metro/externals/events/index.js": {"path":"/Users/amoselmaliah/dev/projects/roy/guru-ai-expo/.expo/metro/externals/events/index.js","statementMap":{"0":{"start":{"line":1,"column":0},"end":{"line":1,"column":51}}},"fnMap":{},"branchMap":{},"s":{"0":0},"f":{},"b":{}}
,"/Users/amoselmaliah/dev/projects/roy/guru-ai-expo/.expo/metro/externals/fs/index.js": {"path":"/Users/amoselmaliah/dev/projects/roy/guru-ai-expo/.expo/metro/externals/fs/index.js","statementMap":{"0":{"start":{"line":1,"column":0},"end":{"line":1,"column":47}}},"fnMap":{},"branchMap":{},"s":{"0":0},"f":{},"b":{}}
,"/Users/amoselmaliah/dev/projects/roy/guru-ai-expo/.expo/metro/externals/fs/promises/index.js": {"path":"/Users/amoselmaliah/dev/projects/roy/guru-ai-expo/.expo/metro/externals/fs/promises/index.js","statementMap":{"0":{"start":{"line":1,"column":0},"end":{"line":1,"column":56}}},"fnMap":{},"branchMap":{},"s":{"0":0},"f":{},"b":{}}
,"/Users/amoselmaliah/dev/projects/roy/guru-ai-expo/.expo/metro/externals/http/index.js": {"path":"/Users/amoselmaliah/dev/projects/roy/guru-ai-expo/.expo/metro/externals/http/index.js","statementMap":{"0":{"start":{"line":1,"column":0},"end":{"line":1,"column":49}}},"fnMap":{},"branchMap":{},"s":{"0":0},"f":{},"b":{}}
,"/Users/amoselmaliah/dev/projects/roy/guru-ai-expo/.expo/metro/externals/http2/index.js": {"path":"/Users/amoselmaliah/dev/projects/roy/guru-ai-expo/.expo/metro/externals/http2/index.js","statementMap":{"0":{"start":{"line":1,"column":0},"end":{"line":1,"column":50}}},"fnMap":{},"branchMap":{},"s":{"0":0},"f":{},"b":{}}
,"/Users/amoselmaliah/dev/projects/roy/guru-ai-expo/.expo/metro/externals/https/index.js": {"path":"/Users/amoselmaliah/dev/projects/roy/guru-ai-expo/.expo/metro/externals/https/index.js","statementMap":{"0":{"start":{"line":1,"column":0},"end":{"line":1,"column":50}}},"fnMap":{},"branchMap":{},"s":{"0":0},"f":{},"b":{}}
,"/Users/amoselmaliah/dev/projects/roy/guru-ai-expo/.expo/metro/externals/inspector/index.js": {"path":"/Users/amoselmaliah/dev/projects/roy/guru-ai-expo/.expo/metro/externals/inspector/index.js","statementMap":{"0":{"start":{"line":1,"column":0},"end":{"line":1,"column":54}}},"fnMap":{},"branchMap":{},"s":{"0":0},"f":{},"b":{}}
,"/Users/amoselmaliah/dev/projects/roy/guru-ai-expo/.expo/metro/externals/module/index.js": {"path":"/Users/amoselmaliah/dev/projects/roy/guru-ai-expo/.expo/metro/externals/module/index.js","statementMap":{"0":{"start":{"line":1,"column":0},"end":{"line":1,"column":51}}},"fnMap":{},"branchMap":{},"s":{"0":0},"f":{},"b":{}}
,"/Users/amoselmaliah/dev/projects/roy/guru-ai-expo/.expo/metro/externals/net/index.js": {"path":"/Users/amoselmaliah/dev/projects/roy/guru-ai-expo/.expo/metro/externals/net/index.js","statementMap":{"0":{"start":{"line":1,"column":0},"end":{"line":1,"column":48}}},"fnMap":{},"branchMap":{},"s":{"0":0},"f":{},"b":{}}
,"/Users/amoselmaliah/dev/projects/roy/guru-ai-expo/.expo/metro/externals/os/index.js": {"path":"/Users/amoselmaliah/dev/projects/roy/guru-ai-expo/.expo/metro/externals/os/index.js","statementMap":{"0":{"start":{"line":1,"column":0},"end":{"line":1,"column":47}}},"fnMap":{},"branchMap":{},"s":{"0":0},"f":{},"b":{}}
,"/Users/amoselmaliah/dev/projects/roy/guru-ai-expo/.expo/metro/externals/path/index.js": {"path":"/Users/amoselmaliah/dev/projects/roy/guru-ai-expo/.expo/metro/externals/path/index.js","statementMap":{"0":{"start":{"line":1,"column":0},"end":{"line":1,"column":49}}},"fnMap":{},"branchMap":{},"s":{"0":0},"f":{},"b":{}}
,"/Users/amoselmaliah/dev/projects/roy/guru-ai-expo/.expo/metro/externals/perf_hooks/index.js": {"path":"/Users/amoselmaliah/dev/projects/roy/guru-ai-expo/.expo/metro/externals/perf_hooks/index.js","statementMap":{"0":{"start":{"line":1,"column":0},"end":{"line":1,"column":55}}},"fnMap":{},"branchMap":{},"s":{"0":0},"f":{},"b":{}}
,"/Users/amoselmaliah/dev/projects/roy/guru-ai-expo/.expo/metro/externals/process/index.js": {"path":"/Users/amoselmaliah/dev/projects/roy/guru-ai-expo/.expo/metro/externals/process/index.js","statementMap":{"0":{"start":{"line":1,"column":0},"end":{"line":1,"column":52}}},"fnMap":{},"branchMap":{},"s":{"0":0},"f":{},"b":{}}
,"/Users/amoselmaliah/dev/projects/roy/guru-ai-expo/.expo/metro/externals/punycode/index.js": {"path":"/Users/amoselmaliah/dev/projects/roy/guru-ai-expo/.expo/metro/externals/punycode/index.js","statementMap":{"0":{"start":{"line":1,"column":0},"end":{"line":1,"column":53}}},"fnMap":{},"branchMap":{},"s":{"0":0},"f":{},"b":{}}
,"/Users/amoselmaliah/dev/projects/roy/guru-ai-expo/.expo/metro/externals/querystring/index.js": {"path":"/Users/amoselmaliah/dev/projects/roy/guru-ai-expo/.expo/metro/externals/querystring/index.js","statementMap":{"0":{"start":{"line":1,"column":0},"end":{"line":1,"column":56}}},"fnMap":{},"branchMap":{},"s":{"0":0},"f":{},"b":{}}
,"/Users/amoselmaliah/dev/projects/roy/guru-ai-expo/.expo/metro/externals/readline/index.js": {"path":"/Users/amoselmaliah/dev/projects/roy/guru-ai-expo/.expo/metro/externals/readline/index.js","statementMap":{"0":{"start":{"line":1,"column":0},"end":{"line":1,"column":53}}},"fnMap":{},"branchMap":{},"s":{"0":0},"f":{},"b":{}}
,"/Users/amoselmaliah/dev/projects/roy/guru-ai-expo/.expo/metro/externals/repl/index.js": {"path":"/Users/amoselmaliah/dev/projects/roy/guru-ai-expo/.expo/metro/externals/repl/index.js","statementMap":{"0":{"start":{"line":1,"column":0},"end":{"line":1,"column":49}}},"fnMap":{},"branchMap":{},"s":{"0":0},"f":{},"b":{}}
,"/Users/amoselmaliah/dev/projects/roy/guru-ai-expo/.expo/metro/externals/stream/index.js": {"path":"/Users/amoselmaliah/dev/projects/roy/guru-ai-expo/.expo/metro/externals/stream/index.js","statementMap":{"0":{"start":{"line":1,"column":0},"end":{"line":1,"column":51}}},"fnMap":{},"branchMap":{},"s":{"0":0},"f":{},"b":{}}
,"/Users/amoselmaliah/dev/projects/roy/guru-ai-expo/.expo/metro/externals/string_decoder/index.js": {"path":"/Users/amoselmaliah/dev/projects/roy/guru-ai-expo/.expo/metro/externals/string_decoder/index.js","statementMap":{"0":{"start":{"line":1,"column":0},"end":{"line":1,"column":59}}},"fnMap":{},"branchMap":{},"s":{"0":0},"f":{},"b":{}}
,"/Users/amoselmaliah/dev/projects/roy/guru-ai-expo/.expo/metro/externals/timers/index.js": {"path":"/Users/amoselmaliah/dev/projects/roy/guru-ai-expo/.expo/metro/externals/timers/index.js","statementMap":{"0":{"start":{"line":1,"column":0},"end":{"line":1,"column":51}}},"fnMap":{},"branchMap":{},"s":{"0":0},"f":{},"b":{}}
,"/Users/amoselmaliah/dev/projects/roy/guru-ai-expo/.expo/metro/externals/tls/index.js": {"path":"/Users/amoselmaliah/dev/projects/roy/guru-ai-expo/.expo/metro/externals/tls/index.js","statementMap":{"0":{"start":{"line":1,"column":0},"end":{"line":1,"column":48}}},"fnMap":{},"branchMap":{},"s":{"0":0},"f":{},"b":{}}
,"/Users/amoselmaliah/dev/projects/roy/guru-ai-expo/.expo/metro/externals/trace_events/index.js": {"path":"/Users/amoselmaliah/dev/projects/roy/guru-ai-expo/.expo/metro/externals/trace_events/index.js","statementMap":{"0":{"start":{"line":1,"column":0},"end":{"line":1,"column":57}}},"fnMap":{},"branchMap":{},"s":{"0":0},"f":{},"b":{}}
,"/Users/amoselmaliah/dev/projects/roy/guru-ai-expo/.expo/metro/externals/tty/index.js": {"path":"/Users/amoselmaliah/dev/projects/roy/guru-ai-expo/.expo/metro/externals/tty/index.js","statementMap":{"0":{"start":{"line":1,"column":0},"end":{"line":1,"column":48}}},"fnMap":{},"branchMap":{},"s":{"0":0},"f":{},"b":{}}
,"/Users/amoselmaliah/dev/projects/roy/guru-ai-expo/.expo/metro/externals/undici/index.js": {"path":"/Users/amoselmaliah/dev/projects/roy/guru-ai-expo/.expo/metro/externals/undici/index.js","statementMap":{"0":{"start":{"line":1,"column":0},"end":{"line":1,"column":51}}},"fnMap":{},"branchMap":{},"s":{"0":0},"f":{},"b":{}}
,"/Users/amoselmaliah/dev/projects/roy/guru-ai-expo/.expo/metro/externals/url/index.js": {"path":"/Users/amoselmaliah/dev/projects/roy/guru-ai-expo/.expo/metro/externals/url/index.js","statementMap":{"0":{"start":{"line":1,"column":0},"end":{"line":1,"column":48}}},"fnMap":{},"branchMap":{},"s":{"0":0},"f":{},"b":{}}
,"/Users/amoselmaliah/dev/projects/roy/guru-ai-expo/.expo/metro/externals/util/index.js": {"path":"/Users/amoselmaliah/dev/projects/roy/guru-ai-expo/.expo/metro/externals/util/index.js","statementMap":{"0":{"start":{"line":1,"column":0},"end":{"line":1,"column":49}}},"fnMap":{},"branchMap":{},"s":{"0":0},"f":{},"b":{}}
,"/Users/amoselmaliah/dev/projects/roy/guru-ai-expo/.expo/metro/externals/v8/index.js": {"path":"/Users/amoselmaliah/dev/projects/roy/guru-ai-expo/.expo/metro/externals/v8/index.js","statementMap":{"0":{"start":{"line":1,"column":0},"end":{"line":1,"column":47}}},"fnMap":{},"branchMap":{},"s":{"0":0},"f":{},"b":{}}
,"/Users/amoselmaliah/dev/projects/roy/guru-ai-expo/.expo/metro/externals/vm/index.js": {"path":"/Users/amoselmaliah/dev/projects/roy/guru-ai-expo/.expo/metro/externals/vm/index.js","statementMap":{"0":{"start":{"line":1,"column":0},"end":{"line":1,"column":47}}},"fnMap":{},"branchMap":{},"s":{"0":0},"f":{},"b":{}}
,"/Users/amoselmaliah/dev/projects/roy/guru-ai-expo/.expo/metro/externals/wasi/index.js": {"path":"/Users/amoselmaliah/dev/projects/roy/guru-ai-expo/.expo/metro/externals/wasi/index.js","statementMap":{"0":{"start":{"line":1,"column":0},"end":{"line":1,"column":49}}},"fnMap":{},"branchMap":{},"s":{"0":0},"f":{},"b":{}}
,"/Users/amoselmaliah/dev/projects/roy/guru-ai-expo/.expo/metro/externals/worker_threads/index.js": {"path":"/Users/amoselmaliah/dev/projects/roy/guru-ai-expo/.expo/metro/externals/worker_threads/index.js","statementMap":{"0":{"start":{"line":1,"column":0},"end":{"line":1,"column":59}}},"fnMap":{},"branchMap":{},"s":{"0":0},"f":{},"b":{}}
,"/Users/amoselmaliah/dev/projects/roy/guru-ai-expo/.expo/metro/externals/ws/index.js": {"path":"/Users/amoselmaliah/dev/projects/roy/guru-ai-expo/.expo/metro/externals/ws/index.js","statementMap":{"0":{"start":{"line":1,"column":0},"end":{"line":1,"column":47}}},"fnMap":{},"branchMap":{},"s":{"0":0},"f":{},"b":{}}
,"/Users/amoselmaliah/dev/projects/roy/guru-ai-expo/.expo/metro/externals/zlib/index.js": {"path":"/Users/amoselmaliah/dev/projects/roy/guru-ai-expo/.expo/metro/externals/zlib/index.js","statementMap":{"0":{"start":{"line":1,"column":0},"end":{"line":1,"column":49}}},"fnMap":{},"branchMap":{},"s":{"0":0},"f":{},"b":{}}
,"/Users/amoselmaliah/dev/projects/roy/guru-ai-expo/src/analytics/google.js": {"path":"/Users/amoselmaliah/dev/projects/roy/guru-ai-expo/src/analytics/google.js","statementMap":{"0":{"start":{"line":6,"column":33},"end":{"line":12,"column":1}},"1":{"start":{"line":7,"column":26},"end":{"line":7,"column":73}},"2":{"start":{"line":8,"column":2},"end":{"line":10,"column":3}},"3":{"start":{"line":9,"column":4},"end":{"line":9,"column":68}},"4":{"start":{"line":16,"column":30},"end":{"line":21,"column":1}},"5":{"start":{"line":17,"column":2},"end":{"line":19,"column":3}},"6":{"start":{"line":18,"column":4},"end":{"line":18,"column":41}}},"fnMap":{"0":{"name":"(anonymous_0)","decl":{"start":{"line":6,"column":33},"end":{"line":6,"column":34}},"loc":{"start":{"line":6,"column":52},"end":{"line":12,"column":1}},"line":6},"1":{"name":"(anonymous_1)","decl":{"start":{"line":16,"column":30},"end":{"line":16,"column":31}},"loc":{"start":{"line":16,"column":51},"end":{"line":21,"column":1}},"line":16}},"branchMap":{"0":{"loc":{"start":{"line":8,"column":2},"end":{"line":10,"column":3}},"type":"if","locations":[{"start":{"line":8,"column":2},"end":{"line":10,"column":3}},{"start":{},"end":{}}],"line":8},"1":{"loc":{"start":{"line":17,"column":2},"end":{"line":19,"column":3}},"type":"if","locations":[{"start":{"line":17,"column":2},"end":{"line":19,"column":3}},{"start":{},"end":{}}],"line":17}},"s":{"0":0,"1":0,"2":0,"3":0,"4":0,"5":0,"6":0},"f":{"0":0,"1":0},"b":{"0":[0,0],"1":[0,0]}}
}
